0 info it worked if it ends with ok
1 verbose cli [ '/usr/local/bin/node', '/usr/local/bin/npm', 'run', 'build' ]
2 info using npm@3.10.10
3 info using node@v6.10.0
4 verbose run-script [ 'prebuild', 'build', 'postbuild' ]
5 info lifecycle greenbackd@1.0.0~prebuild: greenbackd@1.0.0
6 silly lifecycle greenbackd@1.0.0~prebuild: no script for prebuild, continuing
7 info lifecycle greenbackd@1.0.0~build: greenbackd@1.0.0
8 verbose lifecycle greenbackd@1.0.0~build: unsafe-perm in lifecycle true
9 verbose lifecycle greenbackd@1.0.0~build: PATH: /usr/local/lib/node_modules/npm/bin/node-gyp-bin:/Users/stankwong/projects/greenbackd/node_modules/.bin:/Users/stankwong/miniconda3/bin:/Library/Frameworks/Python.framework/Versions/2.7/bin:/Users/stankwong/.rvm/gems/ruby-2.1.4/bin:/Users/stankwong/.rvm/gems/ruby-2.1.4@global/bin:/Users/stankwong/.rvm/rubies/ruby-2.1.4/bin:/Library/Frameworks/Python.framework/Versions/3.4/bin:/Library/Frameworks/Python.framework/Versions/3.5/bin:/usr/local/bin:/usr/bin:/bin:/usr/sbin:/sbin:/opt/X11/bin:/usr/local/git/bin:/Library/Frameworks/Mono.framework/Versions/Current/Commands:/Library/TeX/texbin:/Users/stankwong/miniconda3/bin:/Library/Frameworks/Python.framework/Versions/2.7/bin:/Users/stankwong/.rvm/gems/ruby-2.1.4/bin:/Users/stankwong/.rvm/gems/ruby-2.1.4@global/bin:/Users/stankwong/.rvm/rubies/ruby-2.1.4/bin:/Library/Frameworks/Python.framework/Versions/3.4/bin:/Library/Frameworks/Python.framework/Versions/3.5/bin:/opt/local/bin:/Users/stankwong/.rvm/bin:/Users/stankwong/Library/Android/sdk/platform-tools/:/opt/local/bin:/Users/stankwong/Library/Android/sdk/platform-tools/
10 verbose lifecycle greenbackd@1.0.0~build: CWD: /Users/stankwong/projects/greenbackd
11 silly lifecycle greenbackd@1.0.0~build: Args: [ '-c', 'webpack' ]
12 silly lifecycle greenbackd@1.0.0~build: Returned: code: 1  signal: null
13 info lifecycle greenbackd@1.0.0~build: Failed to exec build script
14 verbose stack Error: greenbackd@1.0.0 build: `webpack`
14 verbose stack Exit status 1
14 verbose stack     at EventEmitter.<anonymous> (/usr/local/lib/node_modules/npm/lib/utils/lifecycle.js:255:16)
14 verbose stack     at emitTwo (events.js:106:13)
14 verbose stack     at EventEmitter.emit (events.js:191:7)
14 verbose stack     at ChildProcess.<anonymous> (/usr/local/lib/node_modules/npm/lib/utils/spawn.js:40:14)
14 verbose stack     at emitTwo (events.js:106:13)
14 verbose stack     at ChildProcess.emit (events.js:191:7)
14 verbose stack     at maybeClose (internal/child_process.js:877:16)
14 verbose stack     at Process.ChildProcess._handle.onexit (internal/child_process.js:226:5)
15 verbose pkgid greenbackd@1.0.0
16 verbose cwd /Users/stankwong/projects/greenbackd
17 error Darwin 16.7.0
18 error argv "/usr/local/bin/node" "/usr/local/bin/npm" "run" "build"
19 error node v6.10.0
20 error npm  v3.10.10
21 error code ELIFECYCLE
22 error greenbackd@1.0.0 build: `webpack`
22 error Exit status 1
23 error Failed at the greenbackd@1.0.0 build script 'webpack'.
23 error Make sure you have the latest version of node.js and npm installed.
23 error If you do, this is most likely a problem with the greenbackd package,
23 error not with npm itself.
23 error Tell the author that this fails on your system:
23 error     webpack
23 error You can get information on how to open an issue for this project with:
23 error     npm bugs greenbackd
23 error Or if that isn't available, you can get their info via:
23 error     npm owner ls greenbackd
23 error There is likely additional logging output above.
24 verbose exit [ 1, true ]
